# JRE version: OpenJDK Runtime Environment Temurin-17.0.11+9 (17.0.11+9) (build 17.0.11+9)
# Java VM: OpenJDK 64-Bit Server VM Temurin-17.0.11+9 (17.0.11+9, mixed mode, emulated-client, tiered, compressed oops, compressed class ptrs, g1 gc, windows-amd64)
GC Precious Log:
 CPUs: 4 total, 4 available
 Memory: 12071M
 Large Page Support: Disabled
 NUMA Support: Disabled
 Compressed Oops: Enabled (32-bit)
 Heap Region Size: 1M
 Heap Min Capacity: 8M
 Heap Initial Capacity: 190M
 Heap Max Capacity: 1G
 Pre-touch: Disabled
 Parallel Workers: 4
 Concurrent Workers: 1
 Concurrent Refinement Workers: 4
 Periodic GC: Disabled
Heap:
 garbage-first heap   total 78848K, used 25359K [0x00000000c0000000, 0x0000000100000000)
  region size 1024K, 1 young (1024K), 0 survivors (0K)
 Metaspace       used 41181K, committed 41600K, reserved 1114112K
  class space    used 5278K, committed 5440K, reserved 1048576K
GC Heap History (20 events):
Event: 3525.506 GC heap before
{Heap before GC invocations=317 (full 308):
 garbage-first heap   total 78848K, used 25349K [0x00000000c0000000, 0x0000000100000000)
  region size 1024K, 1 young (1024K), 0 survivors (0K)
 Metaspace       used 41180K, committed 41600K, reserved 1114112K
  class space    used 5278K, committed 5440K, reserved 1048576K
}
Event: 3525.530 GC heap after
{Heap after GC invocations=318 (full 309):
 garbage-first heap   total 78848K, used 25349K [0x00000000c0000000, 0x0000000100000000)
  region size 1024K, 0 young (0K), 0 survivors (0K)
 Metaspace       used 41180K, committed 41600K, reserved 1114112K
  class space    used 5278K, committed 5440K, reserved 1048576K
}
Event: 3575.839 GC heap before
{Heap before GC invocations=318 (full 309):
 garbage-first heap   total 78848K, used 26373K [0x00000000c0000000, 0x0000000100000000)
  region size 1024K, 2 young (2048K), 0 survivors (0K)
 Metaspace       used 41181K, committed 41600K, reserved 1114112K
  class space    used 5278K, committed 5440K, reserved 1048576K
}
Event: 3575.862 GC heap after
{Heap after GC invocations=319 (full 310):
 garbage-first heap   total 78848K, used 25365K [0x00000000c0000000, 0x0000000100000000)
  region size 1024K, 0 young (0K), 0 survivors (0K)
 Metaspace       used 41181K, committed 41600K, reserved 1114112K
  class space    used 5278K, committed 5440K, reserved 1048576K
}
Event: 3586.033 GC heap before
{Heap before GC invocations=319 (full 310):
 garbage-first heap   total 78848K, used 25365K [0x00000000c0000000, 0x0000000100000000)
  region size 1024K, 1 young (1024K), 0 survivors (0K)
 Metaspace       used 41181K, committed 41600K, reserved 1114112K
  class space    used 5278K, committed 5440K, reserved 1048576K
}
Event: 3586.055 GC heap after
{Heap after GC invocations=320 (full 311):
 garbage-first heap   total 78848K, used 25365K [0x00000000c0000000, 0x0000000100000000)
  region size 1024K, 0 young (0K), 0 survivors (0K)
 Metaspace       used 41181K, committed 41600K, reserved 1114112K
  class space    used 5278K, committed 5440K, reserved 1048576K
}
Event: 3596.249 GC heap before
{Heap before GC invocations=320 (full 311):
 garbage-first heap   total 78848K, used 25365K [0x00000000c0000000, 0x0000000100000000)
  region size 1024K, 1 young (1024K), 0 survivors (0K)
 Metaspace       used 41181K, committed 41600K, reserved 1114112K
  class space    used 5278K, committed 5440K, reserved 1048576K
}
Event: 3596.272 GC heap after
{Heap after GC invocations=321 (full 312):
 garbage-first heap   total 78848K, used 25362K [0x00000000c0000000, 0x0000000100000000)
  region size 1024K, 0 young (0K), 0 survivors (0K)
 Metaspace       used 41181K, committed 41600K, reserved 1114112K
  class space    used 5278K, committed 5440K, reserved 1048576K
}
Event: 3606.479 GC heap before
{Heap before GC invocations=321 (full 312):
 garbage-first heap   total 78848K, used 25362K [0x00000000c0000000, 0x0000000100000000)
  region size 1024K, 1 young (1024K), 0 survivors (0K)
 Metaspace       used 41181K, committed 41600K, reserved 1114112K
  class space    used 5278K, committed 5440K, reserved 1048576K
}
Event: 3606.501 GC heap after
{Heap after GC invocations=322 (full 313):
 garbage-first heap   total 78848K, used 25361K [0x00000000c0000000, 0x0000000100000000)
  region size 1024K, 0 young (0K), 0 survivors (0K)
 Metaspace       used 41181K, committed 41600K, reserved 1114112K
  class space    used 5278K, committed 5440K, reserved 1048576K
}
Event: 3616.812 GC heap before
{Heap before GC invocations=322 (full 313):
 garbage-first heap   total 78848K, used 25361K [0x00000000c0000000, 0x0000000100000000)
  region size 1024K, 1 young (1024K), 0 survivors (0K)
 Metaspace       used 41181K, committed 41600K, reserved 1114112K
  class space    used 5278K, committed 5440K, reserved 1048576K
}
Event: 3616.831 GC heap after
{Heap after GC invocations=323 (full 314):
 garbage-first heap   total 78848K, used 25361K [0x00000000c0000000, 0x0000000100000000)
  region size 1024K, 0 young (0K), 0 survivors (0K)
 Metaspace       used 41181K, committed 41600K, reserved 1114112K
  class space    used 5278K, committed 5440K, reserved 1048576K
}
Event: 3627.027 GC heap before
{Heap before GC invocations=323 (full 314):
 garbage-first heap   total 78848K, used 25361K [0x00000000c0000000, 0x0000000100000000)
  region size 1024K, 1 young (1024K), 0 survivors (0K)
 Metaspace       used 41181K, committed 41600K, reserved 1114112K
  class space    used 5278K, committed 5440K, reserved 1048576K
}
Event: 3627.050 GC heap after
{Heap after GC invocations=324 (full 315):
 garbage-first heap   total 78848K, used 25361K [0x00000000c0000000, 0x0000000100000000)
  region size 1024K, 0 young (0K), 0 survivors (0K)
 Metaspace       used 41181K, committed 41600K, reserved 1114112K
  class space    used 5278K, committed 5440K, reserved 1048576K
}
Event: 3637.418 GC heap before
{Heap before GC invocations=324 (full 315):
 garbage-first heap   total 78848K, used 25361K [0x00000000c0000000, 0x0000000100000000)
  region size 1024K, 1 young (1024K), 0 survivors (0K)
 Metaspace       used 41181K, committed 41600K, reserved 1114112K
  class space    used 5278K, committed 5440K, reserved 1048576K
}
Event: 3637.438 GC heap after
{Heap after GC invocations=325 (full 316):
 garbage-first heap   total 78848K, used 25361K [0x00000000c0000000, 0x0000000100000000)
  region size 1024K, 0 young (0K), 0 survivors (0K)
 Metaspace       used 41181K, committed 41600K, reserved 1114112K
  class space    used 5278K, committed 5440K, reserved 1048576K
}
Event: 3647.928 GC heap before
{Heap before GC invocations=325 (full 316):
 garbage-first heap   total 78848K, used 25361K [0x00000000c0000000, 0x0000000100000000)
  region size 1024K, 1 young (1024K), 0 survivors (0K)
 Metaspace       used 41181K, committed 41600K, reserved 1114112K
  class space    used 5278K, committed 5440K, reserved 1048576K
}
Event: 3647.953 GC heap after
{Heap after GC invocations=326 (full 317):
 garbage-first heap   total 78848K, used 25361K [0x00000000c0000000, 0x0000000100000000)
  region size 1024K, 0 young (0K), 0 survivors (0K)
 Metaspace       used 41181K, committed 41600K, reserved 1114112K
  class space    used 5278K, committed 5440K, reserved 1048576K
}
Event: 3658.386 GC heap before
{Heap before GC invocations=326 (full 317):
 garbage-first heap   total 78848K, used 25361K [0x00000000c0000000, 0x0000000100000000)
  region size 1024K, 1 young (1024K), 0 survivors (0K)
 Metaspace       used 41181K, committed 41600K, reserved 1114112K
  class space    used 5278K, committed 5440K, reserved 1048576K
}
Event: 3658.410 GC heap after
{Heap after GC invocations=327 (full 318):
 garbage-first heap   total 78848K, used 25359K [0x00000000c0000000, 0x0000000100000000)
  region size 1024K, 0 young (0K), 0 survivors (0K)
 Metaspace       used 41181K, committed 41600K, reserved 1114112K
  class space    used 5278K, committed 5440K, reserved 1048576K
}

